<?xml version="1.0" encoding="UTF-8"?>
<testng-results ignored="0" total="1" passed="1" failed="0" skipped="0">
  <reporter-output>
  </reporter-output>
  <suite started-at="2021-02-22T20:28:39 BDT" name="Default suite" finished-at="2021-02-22T20:28:58 BDT" duration-ms="19322">
    <groups>
    </groups>
    <test started-at="2021-02-22T20:28:39 BDT" name="Default test" finished-at="2021-02-22T20:28:58 BDT" duration-ms="19322">
      <class name="com.niaz.selenium.iframe.Iframe">
        <test-method is-config="true" signature="setDriver()[pri:0, instance:com.niaz.selenium.iframe.Iframe@544fa968]" started-at="2021-02-22T20:28:25 BDT" name="setDriver" finished-at="2021-02-22T20:28:39 BDT" duration-ms="14073" status="PASS">
          <reporter-output>
          </reporter-output>
        </test-method> <!-- setDriver -->
        <test-method signature="iframe()[pri:0, instance:com.niaz.selenium.iframe.Iframe@544fa968]" started-at="2021-02-22T20:28:39 BDT" name="iframe" finished-at="2021-02-22T20:28:58 BDT" duration-ms="19294" status="PASS">
          <reporter-output>
          </reporter-output>
        </test-method> <!-- iframe -->
        <test-method is-config="true" signature="close()[pri:0, instance:com.niaz.selenium.iframe.Iframe@544fa968]" started-at="2021-02-22T20:28:59 BDT" name="close" finished-at="2021-02-22T20:28:59 BDT" duration-ms="203" status="PASS">
          <reporter-output>
          </reporter-output>
        </test-method> <!-- close -->
      </class> <!-- com.niaz.selenium.iframe.Iframe -->
    </test> <!-- Default test -->
  </suite> <!-- Default suite -->
</testng-results>
